ffmpeg version 4.3.1-2020-11-19-essentials_build-www.gyan.dev Copyright (c) 2000-2020 the FFmpeg developers
  built with gcc 10.2.0 (Rev5, Built by MSYS2 project)
  configuration: --enable-gpl --enable-version3 --enable-static --disable-w32threads --disable-autodetect --enable-fontconfig --enable-iconv --enable-gnutls --enable-libxml2 --enable-gmp --enable-lzma --enable-zlib --enable-libsrt --enable-libssh --enable-libzmq --enable-avisynth --enable-sdl2 --enable-libwebp --enable-libx264 --enable-libx265 --enable-libxvid --enable-libaom --enable-libopenjpeg --enable-libvpx --enable-libass --enable-libfreetype --enable-libfribidi --enable-libvidstab --enable-libvmaf --enable-libzimg --enable-amf --enable-cuda-llvm --enable-cuvid --enable-ffnvcodec --enable-nvdec --enable-nvenc --enable-d3d11va --enable-dxva2 --enable-libmfx --enable-libgme --enable-libopenmpt --enable-libopencore-amrwb --enable-libmp3lame --enable-libtheora --enable-libvo-amrwbenc --enable-libgsm --enable-libopencore-amrnb --enable-libopus --enable-libspeex --enable-libvorbis --enable-librubberband
  libavutil      56. 51.100 / 56. 51.100
  libavcodec     58. 91.100 / 58. 91.100
  libavformat    58. 45.100 / 58. 45.100
  libavdevice    58. 10.100 / 58. 10.100
  libavfilter     7. 85.100 /  7. 85.100
  libswscale      5.  7.100 /  5.  7.100
  libswresample   3.  7.100 /  3.  7.100
  libpostproc    55.  7.100 / 55.  7.100
Splitting the commandline.
Reading option '-v' ... matched as option 'v' (set logging level) with argument 'debug'.
Reading option '-nostdin' ... matched as option 'stdin' (enable or disable interaction on standard input) with argument 0.
Reading option '-progress' ... matched as option 'progress' (write program-readable progress information) with argument 'C:/Users/Gledi/AppData/Local/Temp/KritaFFmpegProgress.NQsjWN'.
Reading option '-r' ... matched as option 'r' (set frame rate (Hz value, fraction or abbreviation)) with argument '21'.
Reading option '-start_number' ... matched as AVOption 'start_number' with argument '0'.
Reading option '-i' ... matched as input url with argument 'C:/Users/Gledi/code/hr/PawnShop/pawn_shop/public/Crime_Wave%04d.png'.
Reading option '-vf' ... matched as option 'vf' (set video filters) with argument 'palettegen'.
Reading option '-y' ... matched as option 'y' (overwrite output files) with argument '1'.
Reading option 'C:/Users/Gledi/code/hr/PawnShop/pawn_shop/public/palette.png' ... matched as output url.
Finished splitting the commandline.
Parsing a group of options: global .
Applying option v (set logging level) with argument debug.
Applying option nostdin (enable or disable interaction on standard input) with argument 0.
Applying option progress (write program-readable progress information) with argument C:/Users/Gledi/AppData/Local/Temp/KritaFFmpegProgress.NQsjWN.
[file @ 000001b14983dc00] Setting default whitelist 'file,crypto,data'
Applying option y (overwrite output files) with argument 1.
Successfully parsed a group of options.
Parsing a group of options: input url C:/Users/Gledi/code/hr/PawnShop/pawn_shop/public/Crime_Wave%04d.png.
Applying option r (set frame rate (Hz value, fraction or abbreviation)) with argument 21.
Successfully parsed a group of options.
Opening an input file: C:/Users/Gledi/code/hr/PawnShop/pawn_shop/public/Crime_Wave%04d.png.
[image2 @ 000001b14987e780] Opening 'C:/Users/Gledi/code/hr/PawnShop/pawn_shop/public/Crime_Wave0000.png' for reading
[file @ 000001b149881dc0] Setting default whitelist 'file,crypto,data'
[AVIOContext @ 000001b149889f80] Statistics: 91450 bytes read, 0 seeks
[image2 @ 000001b14987e780] Opening 'C:/Users/Gledi/code/hr/PawnShop/pawn_shop/public/Crime_Wave0001.png' for reading
[file @ 000001b149881e40] Setting default whitelist 'file,crypto,data'
[AVIOContext @ 000001b149881fc0] Statistics: 91450 bytes read, 0 seeks
[image2 @ 000001b14987e780] Opening 'C:/Users/Gledi/code/hr/PawnShop/pawn_shop/public/Crime_Wave0002.png' for reading
[file @ 000001b149881f00] Setting default whitelist 'file,crypto,data'
[AVIOContext @ 000001b149889180] Statistics: 91762 bytes read, 0 seeks
[image2 @ 000001b14987e780] Opening 'C:/Users/Gledi/code/hr/PawnShop/pawn_shop/public/Crime_Wave0003.png' for reading
[file @ 000001b149881f00] Setting default whitelist 'file,crypto,data'
[AVIOContext @ 000001b149889340] Statistics: 91762 bytes read, 0 seeks
[image2 @ 000001b14987e780] Opening 'C:/Users/Gledi/code/hr/PawnShop/pawn_shop/public/Crime_Wave0004.png' for reading
[file @ 000001b149881f00] Setting default whitelist 'file,crypto,data'
[AVIOContext @ 000001b149889500] Statistics: 91962 bytes read, 0 seeks
[image2 @ 000001b14987e780] Opening 'C:/Users/Gledi/code/hr/PawnShop/pawn_shop/public/Crime_Wave0005.png' for reading
[file @ 000001b149881f00] Setting default whitelist 'file,crypto,data'
[AVIOContext @ 000001b1498896c0] Statistics: 91962 bytes read, 0 seeks
[image2 @ 000001b14987e780] Opening 'C:/Users/Gledi/code/hr/PawnShop/pawn_shop/public/Crime_Wave0006.png' for reading
[file @ 000001b149881f00] Setting default whitelist 'file,crypto,data'
[AVIOContext @ 000001b149889880] Statistics: 91262 bytes read, 0 seeks
[image2 @ 000001b14987e780] Opening 'C:/Users/Gledi/code/hr/PawnShop/pawn_shop/public/Crime_Wave0007.png' for reading
[file @ 000001b149881f00] Setting default whitelist 'file,crypto,data'
[AVIOContext @ 000001b149889a40] Statistics: 91262 bytes read, 0 seeks
[image2 @ 000001b14987e780] Opening 'C:/Users/Gledi/code/hr/PawnShop/pawn_shop/public/Crime_Wave0008.png' for reading
[file @ 000001b149881f00] Setting default whitelist 'file,crypto,data'
[AVIOContext @ 000001b149889c00] Statistics: 91091 bytes read, 0 seeks
[image2 @ 000001b14987e780] Opening 'C:/Users/Gledi/code/hr/PawnShop/pawn_shop/public/Crime_Wave0009.png' for reading
[file @ 000001b149881f00] Setting default whitelist 'file,crypto,data'
[AVIOContext @ 000001b149889dc0] Statistics: 91091 bytes read, 0 seeks
[image2 @ 000001b14987e780] Opening 'C:/Users/Gledi/code/hr/PawnShop/pawn_shop/public/Crime_Wave0010.png' for reading
[file @ 000001b149889dc0] Setting default whitelist 'file,crypto,data'
[AVIOContext @ 000001b149889ec0] Statistics: 90341 bytes read, 0 seeks
[image2 @ 000001b14987e780] Opening 'C:/Users/Gledi/code/hr/PawnShop/pawn_shop/public/Crime_Wave0011.png' for reading
[file @ 000001b149889dc0] Setting default whitelist 'file,crypto,data'
[AVIOContext @ 000001b149889ec0] Statistics: 90341 bytes read, 0 seeks
[image2 @ 000001b14987e780] Opening 'C:/Users/Gledi/code/hr/PawnShop/pawn_shop/public/Crime_Wave0012.png' for reading
[file @ 000001b149889dc0] Setting default whitelist 'file,crypto,data'
[AVIOContext @ 000001b149889ec0] Statistics: 88003 bytes read, 0 seeks
[image2 @ 000001b14987e780] Opening 'C:/Users/Gledi/code/hr/PawnShop/pawn_shop/public/Crime_Wave0013.png' for reading
[file @ 000001b149889dc0] Setting default whitelist 'file,crypto,data'
[AVIOContext @ 000001b149889ec0] Statistics: 88003 bytes read, 0 seeks
[image2 @ 000001b14987e780] Opening 'C:/Users/Gledi/code/hr/PawnShop/pawn_shop/public/Crime_Wave0014.png' for reading
[file @ 000001b149889dc0] Setting default whitelist 'file,crypto,data'
[AVIOContext @ 000001b149889ec0] Statistics: 89138 bytes read, 0 seeks
[image2 @ 000001b14987e780] Opening 'C:/Users/Gledi/code/hr/PawnShop/pawn_shop/public/Crime_Wave0015.png' for reading
[file @ 000001b149889dc0] Setting default whitelist 'file,crypto,data'
[AVIOContext @ 000001b149889ec0] Statistics: 89138 bytes read, 0 seeks
[image2 @ 000001b14987e780] Opening 'C:/Users/Gledi/code/hr/PawnShop/pawn_shop/public/Crime_Wave0016.png' for reading
[file @ 000001b149889dc0] Setting default whitelist 'file,crypto,data'
[AVIOContext @ 000001b149889ec0] Statistics: 90000 bytes read, 0 seeks
[image2 @ 000001b14987e780] Opening 'C:/Users/Gledi/code/hr/PawnShop/pawn_shop/public/Crime_Wave0017.png' for reading
[file @ 000001b149889dc0] Setting default whitelist 'file,crypto,data'
[AVIOContext @ 000001b149889ec0] Statistics: 90000 bytes read, 0 seeks
[image2 @ 000001b14987e780] Opening 'C:/Users/Gledi/code/hr/PawnShop/pawn_shop/public/Crime_Wave0018.png' for reading
[file @ 000001b149889dc0] Setting default whitelist 'file,crypto,data'
[AVIOContext @ 000001b149889ec0] Statistics: 90709 bytes read, 0 seeks
[image2 @ 000001b14987e780] Opening 'C:/Users/Gledi/code/hr/PawnShop/pawn_shop/public/Crime_Wave0019.png' for reading
[file @ 000001b149889dc0] Setting default whitelist 'file,crypto,data'
[AVIOContext @ 000001b149889ec0] Statistics: 90709 bytes read, 0 seeks
[image2 @ 000001b14987e780] Opening 'C:/Users/Gledi/code/hr/PawnShop/pawn_shop/public/Crime_Wave0020.png' for reading
[file @ 000001b149889dc0] Setting default whitelist 'file,crypto,data'
[AVIOContext @ 000001b149889ec0] Statistics: 90678 bytes read, 0 seeks
[image2 @ 000001b14987e780] Opening 'C:/Users/Gledi/code/hr/PawnShop/pawn_shop/public/Crime_Wave0021.png' for reading
[file @ 000001b149889dc0] Setting default whitelist 'file,crypto,data'
[AVIOContext @ 000001b149889ec0] Statistics: 90678 bytes read, 0 seeks
[image2 @ 000001b14987e780] Opening 'C:/Users/Gledi/code/hr/PawnShop/pawn_shop/public/Crime_Wave0022.png' for reading
[file @ 000001b149889dc0] Setting default whitelist 'file,crypto,data'
[AVIOContext @ 000001b149889ec0] Statistics: 91450 bytes read, 0 seeks
[image2 @ 000001b14987e780] Opening 'C:/Users/Gledi/code/hr/PawnShop/pawn_shop/public/Crime_Wave0023.png' for reading
[file @ 000001b149889dc0] Setting default whitelist 'file,crypto,data'
[AVIOContext @ 000001b149889ec0] Statistics: 91450 bytes read, 0 seeks
[image2 @ 000001b14987e780] Opening 'C:/Users/Gledi/code/hr/PawnShop/pawn_shop/public/Crime_Wave0024.png' for reading
[file @ 000001b149889dc0] Setting default whitelist 'file,crypto,data'
[AVIOContext @ 000001b149889ec0] Statistics: 91762 bytes read, 0 seeks
[image2 @ 000001b14987e780] Opening 'C:/Users/Gledi/code/hr/PawnShop/pawn_shop/public/Crime_Wave0025.png' for reading
[file @ 000001b149889dc0] Setting default whitelist 'file,crypto,data'
[AVIOContext @ 000001b149889ec0] Statistics: 91762 bytes read, 0 seeks
[image2 @ 000001b14987e780] Opening 'C:/Users/Gledi/code/hr/PawnShop/pawn_shop/public/Crime_Wave0026.png' for reading
[file @ 000001b149889dc0] Setting default whitelist 'file,crypto,data'
[AVIOContext @ 000001b149889ec0] Statistics: 91962 bytes read, 0 seeks
[image2 @ 000001b14987e780] Opening 'C:/Users/Gledi/code/hr/PawnShop/pawn_shop/public/Crime_Wave0027.png' for reading
[file @ 000001b149889dc0] Setting default whitelist 'file,crypto,data'
[AVIOContext @ 000001b149889ec0] Statistics: 91962 bytes read, 0 seeks
[image2 @ 000001b14987e780] Opening 'C:/Users/Gledi/code/hr/PawnShop/pawn_shop/public/Crime_Wave0028.png' for reading
[file @ 000001b149889dc0] Setting default whitelist 'file,crypto,data'
[AVIOContext @ 000001b149889ec0] Statistics: 91262 bytes read, 0 seeks
[image2 @ 000001b14987e780] Opening 'C:/Users/Gledi/code/hr/PawnShop/pawn_shop/public/Crime_Wave0029.png' for reading
[file @ 000001b149889dc0] Setting default whitelist 'file,crypto,data'
[AVIOContext @ 000001b149889ec0] Statistics: 91262 bytes read, 0 seeks
[image2 @ 000001b14987e780] Opening 'C:/Users/Gledi/code/hr/PawnShop/pawn_shop/public/Crime_Wave0030.png' for reading
[file @ 000001b149889dc0] Setting default whitelist 'file,crypto,data'
[AVIOContext @ 000001b149889ec0] Statistics: 91091 bytes read, 0 seeks
[image2 @ 000001b14987e780] Opening 'C:/Users/Gledi/code/hr/PawnShop/pawn_shop/public/Crime_Wave0031.png' for reading
[file @ 000001b149889dc0] Setting default whitelist 'file,crypto,data'
[AVIOContext @ 000001b149889ec0] Statistics: 91091 bytes read, 0 seeks
[image2 @ 000001b14987e780] Opening 'C:/Users/Gledi/code/hr/PawnShop/pawn_shop/public/Crime_Wave0032.png' for reading
[file @ 000001b149889dc0] Setting default whitelist 'file,crypto,data'
[AVIOContext @ 000001b149889ec0] Statistics: 90341 bytes read, 0 seeks
[image2 @ 000001b14987e780] Opening 'C:/Users/Gledi/code/hr/PawnShop/pawn_shop/public/Crime_Wave0033.png' for reading
[file @ 000001b149889dc0] Setting default whitelist 'file,crypto,data'
[AVIOContext @ 000001b149889ec0] Statistics: 90341 bytes read, 0 seeks
[image2 @ 000001b14987e780] Opening 'C:/Users/Gledi/code/hr/PawnShop/pawn_shop/public/Crime_Wave0034.png' for reading
[file @ 000001b149889dc0] Setting default whitelist 'file,crypto,data'
[AVIOContext @ 000001b149889ec0] Statistics: 88003 bytes read, 0 seeks
[image2 @ 000001b14987e780] Opening 'C:/Users/Gledi/code/hr/PawnShop/pawn_shop/public/Crime_Wave0035.png' for reading
[file @ 000001b149889dc0] Setting default whitelist 'file,crypto,data'
[AVIOContext @ 000001b149889ec0] Statistics: 88003 bytes read, 0 seeks
[image2 @ 000001b14987e780] Opening 'C:/Users/Gledi/code/hr/PawnShop/pawn_shop/public/Crime_Wave0036.png' for reading
[file @ 000001b149889dc0] Setting default whitelist 'file,crypto,data'
[AVIOContext @ 000001b149889ec0] Statistics: 87485 bytes read, 0 seeks
[image2 @ 000001b14987e780] Opening 'C:/Users/Gledi/code/hr/PawnShop/pawn_shop/public/Crime_Wave0037.png' for reading
[file @ 000001b149889dc0] Setting default whitelist 'file,crypto,data'
[AVIOContext @ 000001b149889ec0] Statistics: 87485 bytes read, 0 seeks
[image2 @ 000001b14987e780] Opening 'C:/Users/Gledi/code/hr/PawnShop/pawn_shop/public/Crime_Wave0038.png' for reading
[file @ 000001b149889dc0] Setting default whitelist 'file,crypto,data'
[AVIOContext @ 000001b149889ec0] Statistics: 89138 bytes read, 0 seeks
[image2 @ 000001b14987e780] Opening 'C:/Users/Gledi/code/hr/PawnShop/pawn_shop/public/Crime_Wave0039.png' for reading
[file @ 000001b149889dc0] Setting default whitelist 'file,crypto,data'
[AVIOContext @ 000001b149889ec0] Statistics: 89138 bytes read, 0 seeks
[image2 @ 000001b14987e780] Opening 'C:/Users/Gledi/code/hr/PawnShop/pawn_shop/public/Crime_Wave0040.png' for reading
[file @ 000001b149889dc0] Setting default whitelist 'file,crypto,data'
[AVIOContext @ 000001b149889ec0] Statistics: 90000 bytes read, 0 seeks
[image2 @ 000001b14987e780] Opening 'C:/Users/Gledi/code/hr/PawnShop/pawn_shop/public/Crime_Wave0041.png' for reading
[file @ 000001b149889dc0] Setting default whitelist 'file,crypto,data'
[AVIOContext @ 000001b149889ec0] Statistics: 90000 bytes read, 0 seeks
[image2 @ 000001b14987e780] Opening 'C:/Users/Gledi/code/hr/PawnShop/pawn_shop/public/Crime_Wave0042.png' for reading
[file @ 000001b149889dc0] Setting default whitelist 'file,crypto,data'
[AVIOContext @ 000001b149889ec0] Statistics: 90709 bytes read, 0 seeks
[image2 @ 000001b14987e780] Opening 'C:/Users/Gledi/code/hr/PawnShop/pawn_shop/public/Crime_Wave0043.png' for reading
[file @ 000001b149889dc0] Setting default whitelist 'file,crypto,data'
[AVIOContext @ 000001b149889ec0] Statistics: 90709 bytes read, 0 seeks
[image2 @ 000001b14987e780] Opening 'C:/Users/Gledi/code/hr/PawnShop/pawn_shop/public/Crime_Wave0044.png' for reading
[file @ 000001b149889dc0] Setting default whitelist 'file,crypto,data'
[AVIOContext @ 000001b149889ec0] Statistics: 90678 bytes read, 0 seeks
[image2 @ 000001b14987e780] Opening 'C:/Users/Gledi/code/hr/PawnShop/pawn_shop/public/Crime_Wave0045.png' for reading
[file @ 000001b149889dc0] Setting default whitelist 'file,crypto,data'
[AVIOContext @ 000001b149889ec0] Statistics: 90678 bytes read, 0 seeks
[image2 @ 000001b14987e780] Opening 'C:/Users/Gledi/code/hr/PawnShop/pawn_shop/public/Crime_Wave0046.png' for reading
[file @ 000001b149889dc0] Setting default whitelist 'file,crypto,data'
[AVIOContext @ 000001b149889ec0] Statistics: 91450 bytes read, 0 seeks
[image2 @ 000001b14987e780] Opening 'C:/Users/Gledi/code/hr/PawnShop/pawn_shop/public/Crime_Wave0047.png' for reading
[file @ 000001b149889dc0] Setting default whitelist 'file,crypto,data'
[AVIOContext @ 000001b149889ec0] Statistics: 91450 bytes read, 0 seeks
[image2 @ 000001b14987e780] Opening 'C:/Users/Gledi/code/hr/PawnShop/pawn_shop/public/Crime_Wave0048.png' for reading
[file @ 000001b149889dc0] Setting default whitelist 'file,crypto,data'
[AVIOContext @ 000001b149889ec0] Statistics: 91450 bytes read, 0 seeks
[image2 @ 000001b14987e780] Opening 'C:/Users/Gledi/code/hr/PawnShop/pawn_shop/public/Crime_Wave0049.png' for reading
[file @ 000001b149889dc0] Setting default whitelist 'file,crypto,data'
[AVIOContext @ 000001b149889ec0] Statistics: 91450 bytes read, 0 seeks
[image2 @ 000001b14987e780] Opening 'C:/Users/Gledi/code/hr/PawnShop/pawn_shop/public/Crime_Wave0050.png' for reading
[file @ 000001b149889dc0] Setting default whitelist 'file,crypto,data'
[AVIOContext @ 000001b149889ec0] Statistics: 91450 bytes read, 0 seeks
[image2 @ 000001b14987e780] Opening 'C:/Users/Gledi/code/hr/PawnShop/pawn_shop/public/Crime_Wave0051.png' for reading
[file @ 000001b149889dc0] Setting default whitelist 'file,crypto,data'
[AVIOContext @ 000001b149889ec0] Statistics: 91450 bytes read, 0 seeks
[image2 @ 000001b14987e780] Opening 'C:/Users/Gledi/code/hr/PawnShop/pawn_shop/public/Crime_Wave0052.png' for reading
[file @ 000001b149889dc0] Setting default whitelist 'file,crypto,data'
[AVIOContext @ 000001b149889ec0] Statistics: 91450 bytes read, 0 seeks
[image2 @ 000001b14987e780] Opening 'C:/Users/Gledi/code/hr/PawnShop/pawn_shop/public/Crime_Wave0053.png' for reading
[file @ 000001b149889dc0] Setting default whitelist 'file,crypto,data'
[AVIOContext @ 000001b149889ec0] Statistics: 91450 bytes read, 0 seeks
[image2 @ 000001b14987e780] Opening 'C:/Users/Gledi/code/hr/PawnShop/pawn_shop/public/Crime_Wave0054.png' for reading
[file @ 000001b149889dc0] Setting default whitelist 'file,crypto,data'
[AVIOContext @ 000001b149889ec0] Statistics: 91450 bytes read, 0 seeks
[image2 @ 000001b14987e780] Opening 'C:/Users/Gledi/code/hr/PawnShop/pawn_shop/public/Crime_Wave0055.png' for reading
[file @ 000001b149889dc0] Setting default whitelist 'file,crypto,data'
[AVIOContext @ 000001b149889ec0] Statistics: 91450 bytes read, 0 seeks
[image2 @ 000001b14987e780] Probe buffer size limit of 5000000 bytes reached
Input #0, image2, from 'C:/Users/Gledi/code/hr/PawnShop/pawn_shop/public/Crime_Wave%04d.png':
  Duration: 00:00:02.44, start: 0.000000, bitrate: N/A
    Stream #0:0, 56, 1/25: Video: png, 1 reference frame, rgba(pc), 531x547 [SAR 3937:3937 DAR 531:547], 0/1, 25 fps, 25 tbr, 25 tbn, 25 tbc
Successfully opened the file.
Parsing a group of options: output url C:/Users/Gledi/code/hr/PawnShop/pawn_shop/public/palette.png.
Applying option vf (set video filters) with argument palettegen.
Successfully parsed a group of options.
Opening an output file: C:/Users/Gledi/code/hr/PawnShop/pawn_shop/public/palette.png.
Successfully opened the file.
detected 8 logical cores
Stream mapping:
  Stream #0:0 -> #0:0 (png (native) -> png (native))
cur_dts is invalid st:0 (0) [init:0 i_done:0 finish:0] (this is harmless if it occurs once at the start per stream)
    Last message repeated 8 times
[graph 0 input from stream 0:0 @ 000001b147fa7740] Setting 'video_size' to value '531x547'
[graph 0 input from stream 0:0 @ 000001b147fa7740] Setting 'pix_fmt' to value '26'
[graph 0 input from stream 0:0 @ 000001b147fa7740] Setting 'time_base' to value '1/21'
[graph 0 input from stream 0:0 @ 000001b147fa7740] Setting 'pixel_aspect' to value '3937/3937'
[graph 0 input from stream 0:0 @ 000001b147fa7740] Setting 'frame_rate' to value '21/1'
[graph 0 input from stream 0:0 @ 000001b147fa7740] w:531 h:547 pixfmt:rgba tb:1/21 fr:21/1 sar:3937/3937
[format @ 000001b149889b80] Setting 'pix_fmts' to value 'rgb24|rgba|rgb48be|rgba64be|pal8|gray|ya8|gray16be|ya16be|monob'
[auto_scaler_0 @ 000001b149889100] Setting 'flags' to value 'bicubic'
[auto_scaler_0 @ 000001b149889100] w:iw h:ih flags:'bicubic' interl:0
[Parsed_palettegen_0 @ 000001b14a1033c0] auto-inserting filter 'auto_scaler_0' between the filter 'graph 0 input from stream 0:0' and the filter 'Parsed_palettegen_0'
[auto_scaler_1 @ 000001b14a22fbc0] Setting 'flags' to value 'bicubic'
[auto_scaler_1 @ 000001b14a22fbc0] w:iw h:ih flags:'bicubic' interl:0
[format @ 000001b149889b80] auto-inserting filter 'auto_scaler_1' between the filter 'Parsed_palettegen_0' and the filter 'format'
[AVFilterGraph @ 000001b14a023040] query_formats: 4 queried, 1 merged, 2 already done, 0 delayed
[auto_scaler_1 @ 000001b14a22fbc0] picking rgba out of 10 ref:bgra alpha:1
[swscaler @ 000001b14a2c7fc0] Forcing full internal H chroma due to odd output size
[swscaler @ 000001b14a2c7fc0] Forcing full internal H chroma due to input having non subsampled chroma
[auto_scaler_0 @ 000001b149889100] w:531 h:547 fmt:rgba sar:3937/3937 -> w:531 h:547 fmt:bgra sar:1/1 flags:0x4
[swscaler @ 000001b14a2d4f40] Forcing full internal H chroma due to input having non subsampled chroma
[auto_scaler_1 @ 000001b14a22fbc0] w:16 h:16 fmt:bgra sar:1/1 -> w:16 h:16 fmt:rgba sar:1/1 flags:0x4
Output #0, image2, to 'C:/Users/Gledi/code/hr/PawnShop/pawn_shop/public/palette.png':
  Metadata:
    encoder         : Lavf58.45.100
    Stream #0:0, 0, 1/21: Video: png, 1 reference frame, rgba, 16x16 [SAR 1:1 DAR 1:1], 0/1, q=2-31, 200 kb/s, 21 fps, 21 tbn, 21 tbc
    Metadata:
      encoder         : Lavc58.91.100 png
cur_dts is invalid st:0 (0) [init:1 i_done:0 finish:0] (this is harmless if it occurs once at the start per stream)
    Last message repeated 47 times
[image2 @ 000001b14987e780] Opening 'C:/Users/Gledi/code/hr/PawnShop/pawn_shop/public/Crime_Wave0056.png' for reading
[file @ 000001b14a22f1c0] Setting default whitelist 'file,crypto,data'
[AVIOContext @ 000001b14a36cbc0] Statistics: 91450 bytes read, 0 seeks
cur_dts is invalid st:0 (0) [init:1 i_done:0 finish:0] (this is harmless if it occurs once at the start per stream)
[image2 @ 000001b14987e780] Opening 'C:/Users/Gledi/code/hr/PawnShop/pawn_shop/public/Crime_Wave0057.png' for reading
[file @ 000001b14a22fcc0] Setting default whitelist 'file,crypto,data'
[AVIOContext @ 000001b14a36cbc0] Statistics: 91450 bytes read, 0 seeks
cur_dts is invalid st:0 (0) [init:1 i_done:0 finish:0] (this is harmless if it occurs once at the start per stream)
[image2 @ 000001b14987e780] Opening 'C:/Users/Gledi/code/hr/PawnShop/pawn_shop/public/Crime_Wave0058.png' for reading
[file @ 000001b14a22f8c0] Setting default whitelist 'file,crypto,data'
[AVIOContext @ 000001b14a36cbc0] Statistics: 91450 bytes read, 0 seeks
cur_dts is invalid st:0 (0) [init:1 i_done:0 finish:0] (this is harmless if it occurs once at the start per stream)
[image2 @ 000001b14987e780] Opening 'C:/Users/Gledi/code/hr/PawnShop/pawn_shop/public/Crime_Wave0059.png' for reading
[file @ 000001b14a22ecc0] Setting default whitelist 'file,crypto,data'
[AVIOContext @ 000001b14a36cbc0] Statistics: 91450 bytes read, 0 seeks
cur_dts is invalid st:0 (0) [init:1 i_done:0 finish:0] (this is harmless if it occurs once at the start per stream)
[image2 @ 000001b14987e780] Opening 'C:/Users/Gledi/code/hr/PawnShop/pawn_shop/public/Crime_Wave0060.png' for reading
[file @ 000001b14a2304c0] Setting default whitelist 'file,crypto,data'
[AVIOContext @ 000001b14a36cbc0] Statistics: 91450 bytes read, 0 seeks
cur_dts is invalid st:0 (0) [init:1 i_done:0 finish:0] (this is harmless if it occurs once at the start per stream)
    Last message repeated 8 times
[Parsed_palettegen_0 @ 000001b14a1033c0] 255(+1) colors generated out of 9965 colors; ratio=0.025590
[Parsed_palettegen_0 @ 000001b14a1033c0] Dupped color: FF000000
cur_dts is invalid st:0 (0) [init:1 i_done:0 finish:0] (this is harmless if it occurs once at the start per stream)
Clipping frame in rate conversion by 0.000008
cur_dts is invalid st:0 (0) [init:1 i_done:0 finish:0] (this is harmless if it occurs once at the start per stream)
[out_0_0 @ 000001b14a2c7ec0] EOF on sink link out_0_0:default.
No more output streams to write to, finishing.
[image2 @ 000001b149880e00] Opening 'C:/Users/Gledi/code/hr/PawnShop/pawn_shop/public/palette.png' for writing
[file @ 000001b14a23d580] Setting default whitelist 'file,crypto,data'
[AVIOContext @ 000001b14a36cbc0] Statistics: 0 seeks, 1 writeouts
frame=    1 fps=0.0 q=-0.0 Lsize=N/A time=00:00:00.04 bitrate=N/A speed=0.283x    
[AVIOContext @ 000001b14987e640] Statistics: 0 seeks, 1 writeouts
video:1kB audio:0kB subtitle:0kB other streams:0kB global headers:0kB muxing overhead: unknown
Input file #0 (C:/Users/Gledi/code/hr/PawnShop/pawn_shop/public/Crime_Wave%04d.png):
  Input stream #0:0 (video): 61 packets read (5532304 bytes); 61 frames decoded; 
  Total: 61 packets (5532304 bytes) demuxed
Output file #0 (C:/Users/Gledi/code/hr/PawnShop/pawn_shop/public/palette.png):
  Output stream #0:0 (video): 1 frames encoded; 1 packets muxed (994 bytes); 
  Total: 1 packets (994 bytes) muxed
61 frames successfully decoded, 0 decoding errors
